# JRE version: Java(TM) SE Runtime Environment (8.0_92-b14) (build 1.8.0_92-b14)
# Java VM: Java HotSpot(TM) 64-Bit Server VM (25.92-b14 mixed mode windows-amd64 compressed oops)
Heap:
 PSYoungGen      total 349696K, used 105824K [0x00000000e0000000, 0x0000000100000000, 0x0000000100000000)
  eden space 175104K, 0% used [0x00000000e0000000,0x00000000e0000000,0x00000000eab00000)
  from space 174592K, 60% used [0x00000000f5580000,0x00000000fbcd8270,0x0000000100000000)
  to   space 174592K, 0% used [0x00000000eab00000,0x00000000eab00000,0x00000000f5580000)
 ParOldGen       total 1048576K, used 1031422K [0x00000000a0000000, 0x00000000e0000000, 0x00000000e0000000)
  object space 1048576K, 98% used [0x00000000a0000000,0x00000000def3f838,0x00000000e0000000)
 Metaspace       used 82060K, capacity 84414K, committed 84756K, reserved 1124352K
  class space    used 10325K, capacity 10761K, committed 10812K, reserved 1048576K
GC Heap History (10 events):
Event: 6076.325 GC heap after
Heap after GC invocations=147 (full 13):
 PSYoungGen      total 349696K, used 154933K [0x00000000e0000000, 0x0000000100000000, 0x0000000100000000)
  eden space 175104K, 0% used [0x00000000e0000000,0x00000000e0000000,0x00000000eab00000)
  from space 174592K, 88% used [0x00000000f5580000,0x00000000feccd770,0x0000000100000000)
  to   space 174592K, 0% used [0x00000000eab00000,0x00000000eab00000,0x00000000f5580000)
 ParOldGen       total 1048576K, used 852842K [0x00000000a0000000, 0x00000000e0000000, 0x00000000e0000000)
  object space 1048576K, 81% used [0x00000000a0000000,0x00000000d40da9a0,0x00000000e0000000)
 Metaspace       used 82058K, capacity 84414K, committed 84756K, reserved 1124352K
  class space    used 10325K, capacity 10761K, committed 10812K, reserved 1048576K
}
Event: 6077.063 GC heap before
{Heap before GC invocations=148 (full 13):
 PSYoungGen      total 349696K, used 330037K [0x00000000e0000000, 0x0000000100000000, 0x0000000100000000)
  eden space 175104K, 100% used [0x00000000e0000000,0x00000000eab00000,0x00000000eab00000)
  from space 174592K, 88% used [0x00000000f5580000,0x00000000feccd770,0x0000000100000000)
  to   space 174592K, 0% used [0x00000000eab00000,0x00000000eab00000,0x00000000f5580000)
 ParOldGen       total 1048576K, used 852842K [0x00000000a0000000, 0x00000000e0000000, 0x00000000e0000000)
  object space 1048576K, 81% used [0x00000000a0000000,0x00000000d40da9a0,0x00000000e0000000)
 Metaspace       used 82058K, capacity 84414K, committed 84756K, reserved 1124352K
  class space    used 10325K, capacity 10761K, committed 10812K, reserved 1048576K
Event: 6077.260 GC heap after
Heap after GC invocations=148 (full 13):
 PSYoungGen      total 349696K, used 156666K [0x00000000e0000000, 0x0000000100000000, 0x0000000100000000)
  eden space 175104K, 0% used [0x00000000e0000000,0x00000000e0000000,0x00000000eab00000)
  from space 174592K, 89% used [0x00000000eab00000,0x00000000f43feb90,0x00000000f5580000)
  to   space 174592K, 0% used [0x00000000f5580000,0x00000000f5580000,0x0000000100000000)
 ParOldGen       total 1048576K, used 880278K [0x00000000a0000000, 0x00000000e0000000, 0x00000000e0000000)
  object space 1048576K, 83% used [0x00000000a0000000,0x00000000d5ba5920,0x00000000e0000000)
 Metaspace       used 82058K, capacity 84414K, committed 84756K, reserved 1124352K
  class space    used 10325K, capacity 10761K, committed 10812K, reserved 1048576K
}
Event: 6077.821 GC heap before
{Heap before GC invocations=149 (full 13):
 PSYoungGen      total 349696K, used 331770K [0x00000000e0000000, 0x0000000100000000, 0x0000000100000000)
  eden space 175104K, 100% used [0x00000000e0000000,0x00000000eab00000,0x00000000eab00000)
  from space 174592K, 89% used [0x00000000eab00000,0x00000000f43feb90,0x00000000f5580000)
  to   space 174592K, 0% used [0x00000000f5580000,0x00000000f5580000,0x0000000100000000)
 ParOldGen       total 1048576K, used 880278K [0x00000000a0000000, 0x00000000e0000000, 0x00000000e0000000)
  object space 1048576K, 83% used [0x00000000a0000000,0x00000000d5ba5920,0x00000000e0000000)
 Metaspace       used 82060K, capacity 84414K, committed 84756K, reserved 1124352K
  class space    used 10325K, capacity 10761K, committed 10812K, reserved 1048576K
Event: 6078.059 GC heap after
Heap after GC invocations=149 (full 13):
 PSYoungGen      total 349696K, used 153096K [0x00000000e0000000, 0x0000000100000000, 0x0000000100000000)
  eden space 175104K, 0% used [0x00000000e0000000,0x00000000e0000000,0x00000000eab00000)
  from space 174592K, 87% used [0x00000000f5580000,0x00000000feb02160,0x0000000100000000)
  to   space 174592K, 0% used [0x00000000eab00000,0x00000000eab00000,0x00000000f5580000)
 ParOldGen       total 1048576K, used 914918K [0x00000000a0000000, 0x00000000e0000000, 0x00000000e0000000)
  object space 1048576K, 87% used [0x00000000a0000000,0x00000000d7d79940,0x00000000e0000000)
 Metaspace       used 82060K, capacity 84414K, committed 84756K, reserved 1124352K
  class space    used 10325K, capacity 10761K, committed 10812K, reserved 1048576K
}
Event: 6078.571 GC heap before
{Heap before GC invocations=150 (full 13):
 PSYoungGen      total 349696K, used 328200K [0x00000000e0000000, 0x0000000100000000, 0x0000000100000000)
  eden space 175104K, 100% used [0x00000000e0000000,0x00000000eab00000,0x00000000eab00000)
  from space 174592K, 87% used [0x00000000f5580000,0x00000000feb02160,0x0000000100000000)
  to   space 174592K, 0% used [0x00000000eab00000,0x00000000eab00000,0x00000000f5580000)
 ParOldGen       total 1048576K, used 914918K [0x00000000a0000000, 0x00000000e0000000, 0x00000000e0000000)
  object space 1048576K, 87% used [0x00000000a0000000,0x00000000d7d79940,0x00000000e0000000)
 Metaspace       used 82060K, capacity 84414K, committed 84756K, reserved 1124352K
  class space    used 10325K, capacity 10761K, committed 10812K, reserved 1048576K
Event: 6078.789 GC heap after
Heap after GC invocations=150 (full 13):
 PSYoungGen      total 349696K, used 129631K [0x00000000e0000000, 0x0000000100000000, 0x0000000100000000)
  eden space 175104K, 0% used [0x00000000e0000000,0x00000000e0000000,0x00000000eab00000)
  from space 174592K, 74% used [0x00000000eab00000,0x00000000f2997e60,0x00000000f5580000)
  to   space 174592K, 0% used [0x00000000f5580000,0x00000000f5580000,0x0000000100000000)
 ParOldGen       total 1048576K, used 970442K [0x00000000a0000000, 0x00000000e0000000, 0x00000000e0000000)
  object space 1048576K, 92% used [0x00000000a0000000,0x00000000db3b2b40,0x00000000e0000000)
 Metaspace       used 82060K, capacity 84414K, committed 84756K, reserved 1124352K
  class space    used 10325K, capacity 10761K, committed 10812K, reserved 1048576K
}
Event: 6079.254 GC heap before
{Heap before GC invocations=151 (full 13):
 PSYoungGen      total 349696K, used 304735K [0x00000000e0000000, 0x0000000100000000, 0x0000000100000000)
  eden space 175104K, 100% used [0x00000000e0000000,0x00000000eab00000,0x00000000eab00000)
  from space 174592K, 74% used [0x00000000eab00000,0x00000000f2997e60,0x00000000f5580000)
  to   space 174592K, 0% used [0x00000000f5580000,0x00000000f5580000,0x0000000100000000)
 ParOldGen       total 1048576K, used 970442K [0x00000000a0000000, 0x00000000e0000000, 0x00000000e0000000)
  object space 1048576K, 92% used [0x00000000a0000000,0x00000000db3b2b40,0x00000000e0000000)
 Metaspace       used 82060K, capacity 84414K, committed 84756K, reserved 1124352K
  class space    used 10325K, capacity 10761K, committed 10812K, reserved 1048576K
Event: 6079.457 GC heap after
Heap after GC invocations=151 (full 13):
 PSYoungGen      total 349696K, used 105824K [0x00000000e0000000, 0x0000000100000000, 0x0000000100000000)
  eden space 175104K, 0% used [0x00000000e0000000,0x00000000e0000000,0x00000000eab00000)
  from space 174592K, 60% used [0x00000000f5580000,0x00000000fbcd8270,0x0000000100000000)
  to   space 174592K, 0% used [0x00000000eab00000,0x00000000eab00000,0x00000000f5580000)
 ParOldGen       total 1048576K, used 1031422K [0x00000000a0000000, 0x00000000e0000000, 0x00000000e0000000)
  object space 1048576K, 98% used [0x00000000a0000000,0x00000000def3f838,0x00000000e0000000)
 Metaspace       used 82060K, capacity 84414K, committed 84756K, reserved 1124352K
  class space    used 10325K, capacity 10761K, committed 10812K, reserved 1048576K
}
Event: 6079.457 GC heap before
{Heap before GC invocations=152 (full 14):
 PSYoungGen      total 349696K, used 105824K [0x00000000e0000000, 0x0000000100000000, 0x0000000100000000)
  eden space 175104K, 0% used [0x00000000e0000000,0x00000000e0000000,0x00000000eab00000)
  from space 174592K, 60% used [0x00000000f5580000,0x00000000fbcd8270,0x0000000100000000)
  to   space 174592K, 0% used [0x00000000eab00000,0x00000000eab00000,0x00000000f5580000)
 ParOldGen       total 1048576K, used 1031422K [0x00000000a0000000, 0x00000000e0000000, 0x00000000e0000000)
  object space 1048576K, 98% used [0x00000000a0000000,0x00000000def3f838,0x00000000e0000000)
 Metaspace       used 82060K, capacity 84414K, committed 84756K, reserved 1124352K
  class space    used 10325K, capacity 10761K, committed 10812K, reserved 1048576K

