# JRE version: Java(TM) SE Runtime Environment (8.0_92-b14) (build 1.8.0_92-b14)
# Java VM: Java HotSpot(TM) 64-Bit Server VM (25.92-b14 mixed mode windows-amd64 compressed oops)
Heap:
 PSYoungGen      total 349696K, used 132675K [0x00000000e0000000, 0x0000000100000000, 0x0000000100000000)
  eden space 175104K, 0% used [0x00000000e0000000,0x00000000e0000000,0x00000000eab00000)
  from space 174592K, 75% used [0x00000000eab00000,0x00000000f2c90d20,0x00000000f5580000)
  to   space 174592K, 0% used [0x00000000f5580000,0x00000000f5580000,0x0000000100000000)
 ParOldGen       total 1048576K, used 988538K [0x00000000a0000000, 0x00000000e0000000, 0x00000000e0000000)
  object space 1048576K, 94% used [0x00000000a0000000,0x00000000dc55e940,0x00000000e0000000)
 Metaspace       used 82553K, capacity 85592K, committed 86232K, reserved 1124352K
  class space    used 10511K, capacity 11042K, committed 11264K, reserved 1048576K
GC Heap History (10 events):
Event: 3319.822 GC heap after
Heap after GC invocations=189 (full 20):
 PSYoungGen      total 340480K, used 84109K [0x00000000e0000000, 0x00000000ff280000, 0x0000000100000000)
  eden space 187392K, 0% used [0x00000000e0000000,0x00000000e0000000,0x00000000eb700000)
  from space 153088K, 54% used [0x00000000eb700000,0x00000000f0923718,0x00000000f4c80000)
  to   space 155136K, 0% used [0x00000000f5b00000,0x00000000f5b00000,0x00000000ff280000)
 ParOldGen       total 1048576K, used 937473K [0x00000000a0000000, 0x00000000e0000000, 0x00000000e0000000)
  object space 1048576K, 89% used [0x00000000a0000000,0x00000000d93807b8,0x00000000e0000000)
 Metaspace       used 82553K, capacity 85592K, committed 86232K, reserved 1124352K
  class space    used 10511K, capacity 11042K, committed 11264K, reserved 1048576K
}
Event: 3320.582 GC heap before
{Heap before GC invocations=190 (full 20):
 PSYoungGen      total 340480K, used 271501K [0x00000000e0000000, 0x00000000ff280000, 0x0000000100000000)
  eden space 187392K, 100% used [0x00000000e0000000,0x00000000eb700000,0x00000000eb700000)
  from space 153088K, 54% used [0x00000000eb700000,0x00000000f0923718,0x00000000f4c80000)
  to   space 155136K, 0% used [0x00000000f5b00000,0x00000000f5b00000,0x00000000ff280000)
 ParOldGen       total 1048576K, used 937473K [0x00000000a0000000, 0x00000000e0000000, 0x00000000e0000000)
  object space 1048576K, 89% used [0x00000000a0000000,0x00000000d93807b8,0x00000000e0000000)
 Metaspace       used 82553K, capacity 85592K, committed 86232K, reserved 1124352K
  class space    used 10511K, capacity 11042K, committed 11264K, reserved 1048576K
Event: 3320.689 GC heap after
Heap after GC invocations=190 (full 20):
 PSYoungGen      total 348160K, used 100498K [0x00000000e0000000, 0x0000000100000000, 0x0000000100000000)
  eden space 193024K, 0% used [0x00000000e0000000,0x00000000e0000000,0x00000000ebc80000)
  from space 155136K, 64% used [0x00000000f5b00000,0x00000000fbd24b00,0x00000000ff280000)
  to   space 162304K, 0% used [0x00000000ebc80000,0x00000000ebc80000,0x00000000f5b00000)
 ParOldGen       total 1048576K, used 937473K [0x00000000a0000000, 0x00000000e0000000, 0x00000000e0000000)
  object space 1048576K, 89% used [0x00000000a0000000,0x00000000d93807b8,0x00000000e0000000)
 Metaspace       used 82553K, capacity 85592K, committed 86232K, reserved 1124352K
  class space    used 10511K, capacity 11042K, committed 11264K, reserved 1048576K
}
Event: 3321.460 GC heap before
{Heap before GC invocations=191 (full 20):
 PSYoungGen      total 348160K, used 293522K [0x00000000e0000000, 0x0000000100000000, 0x0000000100000000)
  eden space 193024K, 100% used [0x00000000e0000000,0x00000000ebc80000,0x00000000ebc80000)
  from space 155136K, 64% used [0x00000000f5b00000,0x00000000fbd24b00,0x00000000ff280000)
  to   space 162304K, 0% used [0x00000000ebc80000,0x00000000ebc80000,0x00000000f5b00000)
 ParOldGen       total 1048576K, used 937473K [0x00000000a0000000, 0x00000000e0000000, 0x00000000e0000000)
  object space 1048576K, 89% used [0x00000000a0000000,0x00000000d93807b8,0x00000000e0000000)
 Metaspace       used 82553K, capacity 85592K, committed 86232K, reserved 1124352K
  class space    used 10511K, capacity 11042K, committed 11264K, reserved 1048576K
Event: 3321.679 GC heap after
Heap after GC invocations=191 (full 20):
 PSYoungGen      total 324608K, used 131361K [0x00000000e0000000, 0x0000000100000000, 0x0000000100000000)
  eden space 193024K, 0% used [0x00000000e0000000,0x00000000e0000000,0x00000000ebc80000)
  from space 131584K, 99% used [0x00000000ebc80000,0x00000000f3cc8658,0x00000000f3d00000)
  to   space 174592K, 0% used [0x00000000f5580000,0x00000000f5580000,0x0000000100000000)
 ParOldGen       total 1048576K, used 937473K [0x00000000a0000000, 0x00000000e0000000, 0x00000000e0000000)
  object space 1048576K, 89% used [0x00000000a0000000,0x00000000d93807b8,0x00000000e0000000)
 Metaspace       used 82553K, capacity 85592K, committed 86232K, reserved 1124352K
  class space    used 10511K, capacity 11042K, committed 11264K, reserved 1048576K
}
Event: 3322.706 GC heap before
{Heap before GC invocations=192 (full 20):
 PSYoungGen      total 324608K, used 324385K [0x00000000e0000000, 0x0000000100000000, 0x0000000100000000)
  eden space 193024K, 100% used [0x00000000e0000000,0x00000000ebc80000,0x00000000ebc80000)
  from space 131584K, 99% used [0x00000000ebc80000,0x00000000f3cc8658,0x00000000f3d00000)
  to   space 174592K, 0% used [0x00000000f5580000,0x00000000f5580000,0x0000000100000000)
 ParOldGen       total 1048576K, used 937473K [0x00000000a0000000, 0x00000000e0000000, 0x00000000e0000000)
  object space 1048576K, 89% used [0x00000000a0000000,0x00000000d93807b8,0x00000000e0000000)
 Metaspace       used 82553K, capacity 85592K, committed 86232K, reserved 1124352K
  class space    used 10511K, capacity 11042K, committed 11264K, reserved 1048576K
Event: 3322.876 GC heap after
Heap after GC invocations=192 (full 20):
 PSYoungGen      total 349696K, used 149691K [0x00000000e0000000, 0x0000000100000000, 0x0000000100000000)
  eden space 175104K, 0% used [0x00000000e0000000,0x00000000e0000000,0x00000000eab00000)
  from space 174592K, 85% used [0x00000000f5580000,0x00000000fe7aeee8,0x0000000100000000)
  to   space 174592K, 0% used [0x00000000eab00000,0x00000000eab00000,0x00000000f5580000)
 ParOldGen       total 1048576K, used 944946K [0x00000000a0000000, 0x00000000e0000000, 0x00000000e0000000)
  object space 1048576K, 90% used [0x00000000a0000000,0x00000000d9acc8f0,0x00000000e0000000)
 Metaspace       used 82553K, capacity 85592K, committed 86232K, reserved 1124352K
  class space    used 10511K, capacity 11042K, committed 11264K, reserved 1048576K
}
Event: 3323.662 GC heap before
{Heap before GC invocations=193 (full 20):
 PSYoungGen      total 349696K, used 324795K [0x00000000e0000000, 0x0000000100000000, 0x0000000100000000)
  eden space 175104K, 100% used [0x00000000e0000000,0x00000000eab00000,0x00000000eab00000)
  from space 174592K, 85% used [0x00000000f5580000,0x00000000fe7aeee8,0x0000000100000000)
  to   space 174592K, 0% used [0x00000000eab00000,0x00000000eab00000,0x00000000f5580000)
 ParOldGen       total 1048576K, used 944946K [0x00000000a0000000, 0x00000000e0000000, 0x00000000e0000000)
  object space 1048576K, 90% used [0x00000000a0000000,0x00000000d9acc8f0,0x00000000e0000000)
 Metaspace       used 82553K, capacity 85592K, committed 86232K, reserved 1124352K
  class space    used 10511K, capacity 11042K, committed 11264K, reserved 1048576K
Event: 3323.884 GC heap after
Heap after GC invocations=193 (full 20):
 PSYoungGen      total 349696K, used 132675K [0x00000000e0000000, 0x0000000100000000, 0x0000000100000000)
  eden space 175104K, 0% used [0x00000000e0000000,0x00000000e0000000,0x00000000eab00000)
  from space 174592K, 75% used [0x00000000eab00000,0x00000000f2c90d20,0x00000000f5580000)
  to   space 174592K, 0% used [0x00000000f5580000,0x00000000f5580000,0x0000000100000000)
 ParOldGen       total 1048576K, used 988538K [0x00000000a0000000, 0x00000000e0000000, 0x00000000e0000000)
  object space 1048576K, 94% used [0x00000000a0000000,0x00000000dc55e940,0x00000000e0000000)
 Metaspace       used 82553K, capacity 85592K, committed 86232K, reserved 1124352K
  class space    used 10511K, capacity 11042K, committed 11264K, reserved 1048576K
}
Event: 3323.884 GC heap before
{Heap before GC invocations=194 (full 21):
 PSYoungGen      total 349696K, used 132675K [0x00000000e0000000, 0x0000000100000000, 0x0000000100000000)
  eden space 175104K, 0% used [0x00000000e0000000,0x00000000e0000000,0x00000000eab00000)
  from space 174592K, 75% used [0x00000000eab00000,0x00000000f2c90d20,0x00000000f5580000)
  to   space 174592K, 0% used [0x00000000f5580000,0x00000000f5580000,0x0000000100000000)
 ParOldGen       total 1048576K, used 988538K [0x00000000a0000000, 0x00000000e0000000, 0x00000000e0000000)
  object space 1048576K, 94% used [0x00000000a0000000,0x00000000dc55e940,0x00000000e0000000)
 Metaspace       used 82553K, capacity 85592K, committed 86232K, reserved 1124352K
  class space    used 10511K, capacity 11042K, committed 11264K, reserved 1048576K

