# JRE version: Java(TM) SE Runtime Environment (8.0_92-b14) (build 1.8.0_92-b14)
# Java VM: Java HotSpot(TM) 64-Bit Server VM (25.92-b14 mixed mode windows-amd64 compressed oops)
Heap:
 PSYoungGen      total 349696K, used 66978K [0x00000000e0000000, 0x0000000100000000, 0x0000000100000000)
  eden space 175104K, 0% used [0x00000000e0000000,0x00000000e0000000,0x00000000eab00000)
  from space 174592K, 38% used [0x00000000eab00000,0x00000000eec68b90,0x00000000f5580000)
  to   space 174592K, 0% used [0x00000000f5580000,0x00000000f5580000,0x0000000100000000)
 ParOldGen       total 391168K, used 381895K [0x00000000a0000000, 0x00000000b7e00000, 0x00000000e0000000)
  object space 391168K, 97% used [0x00000000a0000000,0x00000000b74f1ce8,0x00000000b7e00000)
 Metaspace       used 76491K, capacity 79710K, committed 79892K, reserved 1118208K
  class space    used 10283K, capacity 10973K, committed 11068K, reserved 1048576K
GC Heap History (10 events):
Event: 390.655 GC heap after
Heap after GC invocations=74 (full 7):
 PSYoungGen      total 365056K, used 117953K [0x00000000e0000000, 0x0000000100000000, 0x0000000100000000)
  eden space 246784K, 0% used [0x00000000e0000000,0x00000000e0000000,0x00000000ef100000)
  from space 118272K, 99% used [0x00000000ef100000,0x00000000f64304c8,0x00000000f6480000)
  to   space 153600K, 0% used [0x00000000f6a00000,0x00000000f6a00000,0x0000000100000000)
 ParOldGen       total 391168K, used 297213K [0x00000000a0000000, 0x00000000b7e00000, 0x00000000e0000000)
  object space 391168K, 75% used [0x00000000a0000000,0x00000000b223f4f0,0x00000000b7e00000)
 Metaspace       used 76489K, capacity 79710K, committed 79892K, reserved 1118208K
  class space    used 10283K, capacity 10973K, committed 11068K, reserved 1048576K
}
Event: 391.654 GC heap before
{Heap before GC invocations=75 (full 7):
 PSYoungGen      total 365056K, used 364737K [0x00000000e0000000, 0x0000000100000000, 0x0000000100000000)
  eden space 246784K, 100% used [0x00000000e0000000,0x00000000ef100000,0x00000000ef100000)
  from space 118272K, 99% used [0x00000000ef100000,0x00000000f64304c8,0x00000000f6480000)
  to   space 153600K, 0% used [0x00000000f6a00000,0x00000000f6a00000,0x0000000100000000)
 ParOldGen       total 391168K, used 297213K [0x00000000a0000000, 0x00000000b7e00000, 0x00000000e0000000)
  object space 391168K, 75% used [0x00000000a0000000,0x00000000b223f4f0,0x00000000b7e00000)
 Metaspace       used 76491K, capacity 79710K, committed 79892K, reserved 1118208K
  class space    used 10283K, capacity 10973K, committed 11068K, reserved 1048576K
Event: 391.902 GC heap after
Heap after GC invocations=75 (full 7):
 PSYoungGen      total 328704K, used 153568K [0x00000000e0000000, 0x0000000100000000, 0x0000000100000000)
  eden space 175104K, 0% used [0x00000000e0000000,0x00000000e0000000,0x00000000eab00000)
  from space 153600K, 99% used [0x00000000f6a00000,0x00000000ffff8030,0x0000000100000000)
  to   space 174592K, 0% used [0x00000000eab00000,0x00000000eab00000,0x00000000f5580000)
 ParOldGen       total 391168K, used 306101K [0x00000000a0000000, 0x00000000b7e00000, 0x00000000e0000000)
  object space 391168K, 78% used [0x00000000a0000000,0x00000000b2aed550,0x00000000b7e00000)
 Metaspace       used 76491K, capacity 79710K, committed 79892K, reserved 1118208K
  class space    used 10283K, capacity 10973K, committed 11068K, reserved 1048576K
}
Event: 392.246 GC heap before
{Heap before GC invocations=76 (full 7):
 PSYoungGen      total 328704K, used 328672K [0x00000000e0000000, 0x0000000100000000, 0x0000000100000000)
  eden space 175104K, 100% used [0x00000000e0000000,0x00000000eab00000,0x00000000eab00000)
  from space 153600K, 99% used [0x00000000f6a00000,0x00000000ffff8030,0x0000000100000000)
  to   space 174592K, 0% used [0x00000000eab00000,0x00000000eab00000,0x00000000f5580000)
 ParOldGen       total 391168K, used 306101K [0x00000000a0000000, 0x00000000b7e00000, 0x00000000e0000000)
  object space 391168K, 78% used [0x00000000a0000000,0x00000000b2aed550,0x00000000b7e00000)
 Metaspace       used 76491K, capacity 79710K, committed 79892K, reserved 1118208K
  class space    used 10283K, capacity 10973K, committed 11068K, reserved 1048576K
Event: 392.492 GC heap after
Heap after GC invocations=76 (full 7):
 PSYoungGen      total 349696K, used 149712K [0x00000000e0000000, 0x0000000100000000, 0x0000000100000000)
  eden space 175104K, 0% used [0x00000000e0000000,0x00000000e0000000,0x00000000eab00000)
  from space 174592K, 85% used [0x00000000eab00000,0x00000000f3d34020,0x00000000f5580000)
  to   space 174592K, 0% used [0x00000000f5580000,0x00000000f5580000,0x0000000100000000)
 ParOldGen       total 391168K, used 328041K [0x00000000a0000000, 0x00000000b7e00000, 0x00000000e0000000)
  object space 391168K, 83% used [0x00000000a0000000,0x00000000b405a5a0,0x00000000b7e00000)
 Metaspace       used 76491K, capacity 79710K, committed 79892K, reserved 1118208K
  class space    used 10283K, capacity 10973K, committed 11068K, reserved 1048576K
}
Event: 392.748 GC heap before
{Heap before GC invocations=77 (full 7):
 PSYoungGen      total 349696K, used 324816K [0x00000000e0000000, 0x0000000100000000, 0x0000000100000000)
  eden space 175104K, 100% used [0x00000000e0000000,0x00000000eab00000,0x00000000eab00000)
  from space 174592K, 85% used [0x00000000eab00000,0x00000000f3d34020,0x00000000f5580000)
  to   space 174592K, 0% used [0x00000000f5580000,0x00000000f5580000,0x0000000100000000)
 ParOldGen       total 391168K, used 328041K [0x00000000a0000000, 0x00000000b7e00000, 0x00000000e0000000)
  object space 391168K, 83% used [0x00000000a0000000,0x00000000b405a5a0,0x00000000b7e00000)
 Metaspace       used 76491K, capacity 79710K, committed 79892K, reserved 1118208K
  class space    used 10283K, capacity 10973K, committed 11068K, reserved 1048576K
Event: 393.009 GC heap after
Heap after GC invocations=77 (full 7):
 PSYoungGen      total 349696K, used 110896K [0x00000000e0000000, 0x0000000100000000, 0x0000000100000000)
  eden space 175104K, 0% used [0x00000000e0000000,0x00000000e0000000,0x00000000eab00000)
  from space 174592K, 63% used [0x00000000f5580000,0x00000000fc1cc010,0x0000000100000000)
  to   space 174592K, 0% used [0x00000000eab00000,0x00000000eab00000,0x00000000f5580000)
 ParOldGen       total 391168K, used 355944K [0x00000000a0000000, 0x00000000b7e00000, 0x00000000e0000000)
  object space 391168K, 90% used [0x00000000a0000000,0x00000000b5b9a2b8,0x00000000b7e00000)
 Metaspace       used 76491K, capacity 79710K, committed 79892K, reserved 1118208K
  class space    used 10283K, capacity 10973K, committed 11068K, reserved 1048576K
}
Event: 394.865 GC heap before
{Heap before GC invocations=78 (full 7):
 PSYoungGen      total 349696K, used 286000K [0x00000000e0000000, 0x0000000100000000, 0x0000000100000000)
  eden space 175104K, 100% used [0x00000000e0000000,0x00000000eab00000,0x00000000eab00000)
  from space 174592K, 63% used [0x00000000f5580000,0x00000000fc1cc010,0x0000000100000000)
  to   space 174592K, 0% used [0x00000000eab00000,0x00000000eab00000,0x00000000f5580000)
 ParOldGen       total 391168K, used 355944K [0x00000000a0000000, 0x00000000b7e00000, 0x00000000e0000000)
  object space 391168K, 90% used [0x00000000a0000000,0x00000000b5b9a2b8,0x00000000b7e00000)
 Metaspace       used 76491K, capacity 79710K, committed 79892K, reserved 1118208K
  class space    used 10283K, capacity 10973K, committed 11068K, reserved 1048576K
Event: 395.048 GC heap after
Heap after GC invocations=78 (full 7):
 PSYoungGen      total 349696K, used 66978K [0x00000000e0000000, 0x0000000100000000, 0x0000000100000000)
  eden space 175104K, 0% used [0x00000000e0000000,0x00000000e0000000,0x00000000eab00000)
  from space 174592K, 38% used [0x00000000eab00000,0x00000000eec68b90,0x00000000f5580000)
  to   space 174592K, 0% used [0x00000000f5580000,0x00000000f5580000,0x0000000100000000)
 ParOldGen       total 391168K, used 381895K [0x00000000a0000000, 0x00000000b7e00000, 0x00000000e0000000)
  object space 391168K, 97% used [0x00000000a0000000,0x00000000b74f1ce8,0x00000000b7e00000)
 Metaspace       used 76491K, capacity 79710K, committed 79892K, reserved 1118208K
  class space    used 10283K, capacity 10973K, committed 11068K, reserved 1048576K
}
Event: 395.048 GC heap before
{Heap before GC invocations=79 (full 8):
 PSYoungGen      total 349696K, used 66978K [0x00000000e0000000, 0x0000000100000000, 0x0000000100000000)
  eden space 175104K, 0% used [0x00000000e0000000,0x00000000e0000000,0x00000000eab00000)
  from space 174592K, 38% used [0x00000000eab00000,0x00000000eec68b90,0x00000000f5580000)
  to   space 174592K, 0% used [0x00000000f5580000,0x00000000f5580000,0x0000000100000000)
 ParOldGen       total 391168K, used 381895K [0x00000000a0000000, 0x00000000b7e00000, 0x00000000e0000000)
  object space 391168K, 97% used [0x00000000a0000000,0x00000000b74f1ce8,0x00000000b7e00000)
 Metaspace       used 76491K, capacity 79710K, committed 79892K, reserved 1118208K
  class space    used 10283K, capacity 10973K, committed 11068K, reserved 1048576K

